#
# There is insufficient memory for the Java Runtime Environment to continue.
# Native memory allocation (mmap) failed to map 27262976 bytes. Error detail: G1 virtual space
# Possible reasons:
#   The system is out of physical RAM or swap space
#   This process is running with CompressedOops enabled, and the Java Heap may be blocking the growth of the native heap
# Possible solutions:
#   Reduce memory load on the system
#   Increase physical memory or swap space
#   Check if swap backing store is full
#   Decrease Java heap size (-Xmx/-Xms)
#   Decrease number of Java threads
#   Decrease Java thread stack sizes (-Xss)
#   Set larger code cache with -XX:ReservedCodeCacheSize=
#   JVM is running with Zero Based Compressed Oops mode in which the Java heap is
#     placed in the first 32GB address space. The Java Heap base address is the
#     maximum limit for the native heap growth. Please use -XX:HeapBaseMinAddress
#     to set the Java Heap base and to place the Java Heap above 32GB virtual address.
# This output file may be truncated or incomplete.
#
#  Out of Memory Error (os_windows.cpp:3925), pid=19328, tid=27304
#
# JRE version: OpenJDK Runtime Environment (21.0.8) (build 21.0.8+-14196175-b1038.72)
# Java VM: OpenJDK 64-Bit Server VM (21.0.8+-14196175-b1038.72, mixed mode, tiered, compressed oops, compressed class ptrs, g1 gc, windows-amd64)
# No core dump will be written. Minidumps are not enabled by default on client versions of Windows
#

---------------  S U M M A R Y ------------

Command Line: --add-opens=java.base/java.util=ALL-UNNAMED --add-opens=java.base/java.lang=ALL-UNNAMED --add-opens=java.base/java.lang.invoke=ALL-UNNAMED --add-opens=java.prefs/java.util.prefs=ALL-UNNAMED --add-opens=java.base/java.nio.charset=ALL-UNNAMED --add-opens=java.base/java.net=ALL-UNNAMED --add-opens=java.base/java.util.concurrent.atomic=ALL-UNNAMED -Xmx4g -Dfile.encoding=UTF-8 -Duser.country=RU -Duser.language=ru -Duser.variant -javaagent:C:\Users\Leo\.gradle\wrapper\dists\gradle-8.6-bin\afr5mpiioh2wthjmwnkmdsd5w\gradle-8.6\lib\agents\gradle-instrumentation-agent-8.6.jar org.gradle.launcher.daemon.bootstrap.GradleDaemon 8.6

Host: AMD Ryzen 5 3500X 6-Core Processor             , 6 cores, 15G,  Windows 11 , 64 bit Build 26100 (10.0.26100.6725)
Time: Thu Jan  8 00:30:33 2026 elapsed time: 4.539359 seconds (0d 0h 0m 4s)

---------------  T H R E A D  ---------------

Current thread (0x0000019cff9ef570):  VMThread "VM Thread"          [id=27304, stack(0x00000091d9100000,0x00000091d9200000) (1024K)]

Stack: [0x00000091d9100000,0x00000091d9200000]
Native frames: (J=compiled Java code, j=interpreted, Vv=VM code, C=native code)
V  [jvm.dll+0x6d68d9]
V  [jvm.dll+0x866693]
V  [jvm.dll+0x868c4e]
V  [jvm.dll+0x869333]
V  [jvm.dll+0x280566]
V  [jvm.dll+0x6d3195]
V  [jvm.dll+0x6c69ea]
V  [jvm.dll+0x3586db]
V  [jvm.dll+0x360336]
V  [jvm.dll+0x3b23f6]
V  [jvm.dll+0x3b26c8]
V  [jvm.dll+0x32ae6c]
V  [jvm.dll+0x32aef7]
V  [jvm.dll+0x370d3c]
V  [jvm.dll+0x36f4ee]
V  [jvm.dll+0x32a5c1]
V  [jvm.dll+0x36ebf0]
V  [jvm.dll+0x86f0b8]
V  [jvm.dll+0x870434]
V  [jvm.dll+0x870970]
V  [jvm.dll+0x870c03]
V  [jvm.dll+0x80eac8]
V  [jvm.dll+0x6d512d]
C  [ucrtbase.dll+0x37b0]
C  [KERNEL32.DLL+0x2e8d7]
C  [ntdll.dll+0x8c53c]

VM_Operation (0x00000091da8f85f0): G1CollectForAllocation, mode: safepoint, requested by thread 0x0000019c9dd2a6b0


---------------  P R O C E S S  ---------------

Threads class SMR info:
_java_thread_list=0x0000019ca0c84490, length=45, elements={
0x0000019cfdfd8a70, 0x0000019c980fe7b0, 0x0000019c98104660, 0x0000019c98141450,
0x0000019c9812bbb0, 0x0000019c9812c610, 0x0000019c9812d070, 0x0000019c9812dad0,
0x0000019c9812e530, 0x0000019c9812efd0, 0x0000019c98411280, 0x0000019c986d1870,
0x0000019c9dc140d0, 0x0000019c9e24dfc0, 0x0000019c9e036550, 0x0000019c9e69ce50,
0x0000019c9e69d4c0, 0x0000019c9e401780, 0x0000019c9dd2a6b0, 0x0000019c9e029200,
0x0000019c9e029f20, 0x0000019c9e02a5b0, 0x0000019c9e029890, 0x0000019c9e02ac40,
0x0000019c9e02b2d0, 0x0000019c9e0284e0, 0x0000019c9e028b70, 0x0000019ca12875f0,
0x0000019ca1285bb0, 0x0000019ca1284170, 0x0000019ca1284800, 0x0000019ca1287c80,
0x0000019ca1286240, 0x0000019ca1286f60, 0x0000019ca1288310, 0x0000019ca1284e90,
0x0000019ca12889a0, 0x0000019ca1285520, 0x0000019ca07c9870, 0x0000019ca07c8b50,
0x0000019ca07c91e0, 0x0000019ca07c7e30, 0x0000019ca07c84c0, 0x0000019ca07c9f00,
0x0000019ca07ca590
}

Java Threads: ( => current thread )
  0x0000019cfdfd8a70 JavaThread "main"                              [_thread_blocked, id=27548, stack(0x00000091d8a00000,0x00000091d8b00000) (1024K)]
  0x0000019c980fe7b0 JavaThread "Common-Cleaner"             daemon [_thread_blocked, id=22136, stack(0x00000091d9200000,0x00000091d9300000) (1024K)]
  0x0000019c98104660 JavaThread "Reference Handler"          daemon [_thread_blocked, id=13160, stack(0x00000091d9300000,0x00000091d9400000) (1024K)]
  0x0000019c98141450 JavaThread "Finalizer"                  daemon [_thread_blocked, id=13848, stack(0x00000091d9400000,0x00000091d9500000) (1024K)]
  0x0000019c9812bbb0 JavaThread "Signal Dispatcher"          daemon [_thread_blocked, id=26208, stack(0x00000091d9500000,0x00000091d9600000) (1024K)]
  0x0000019c9812c610 JavaThread "Attach Listener"            daemon [_thread_blocked, id=16184, stack(0x00000091d9600000,0x00000091d9700000) (1024K)]
  0x0000019c9812d070 JavaThread "Service Thread"             daemon [_thread_blocked, id=14420, stack(0x00000091d9700000,0x00000091d9800000) (1024K)]
  0x0000019c9812dad0 JavaThread "Monitor Deflation Thread"   daemon [_thread_blocked, id=7476, stack(0x00000091d9800000,0x00000091d9900000) (1024K)]
  0x0000019c9812e530 JavaThread "C2 CompilerThread0"         daemon [_thread_blocked, id=28420, stack(0x00000091d9900000,0x00000091d9a00000) (1024K)]
  0x0000019c9812efd0 JavaThread "C1 CompilerThread0"         daemon [_thread_blocked, id=19216, stack(0x00000091d9a00000,0x00000091d9b00000) (1024K)]
  0x0000019c98411280 JavaThread "Notification Thread"        daemon [_thread_blocked, id=25808, stack(0x00000091d9b00000,0x00000091d9c00000) (1024K)]
  0x0000019c986d1870 JavaThread "C2 CompilerThread1"         daemon [_thread_blocked, id=26184, stack(0x00000091d9c00000,0x00000091d9d00000) (1024K)]
  0x0000019c9dc140d0 JavaThread "Daemon health stats"               [_thread_blocked, id=1428, stack(0x00000091da200000,0x00000091da300000) (1024K)]
  0x0000019c9e24dfc0 JavaThread "Incoming local TCP Connector on port 62469"        [_thread_in_native, id=26992, stack(0x00000091da300000,0x00000091da400000) (1024K)]
  0x0000019c9e036550 JavaThread "Daemon periodic checks"            [_thread_blocked, id=23564, stack(0x00000091da400000,0x00000091da500000) (1024K)]
  0x0000019c9e69ce50 JavaThread "Daemon"                            [_thread_blocked, id=27360, stack(0x00000091da500000,0x00000091da600000) (1024K)]
  0x0000019c9e69d4c0 JavaThread "Handler for socket connection from /127.0.0.1:62469 to /127.0.0.1:62470"        [_thread_in_native, id=21704, stack(0x00000091da600000,0x00000091da700000) (1024K)]
  0x0000019c9e401780 JavaThread "Cancel handler"                    [_thread_blocked, id=3692, stack(0x00000091da700000,0x00000091da800000) (1024K)]
  0x0000019c9dd2a6b0 JavaThread "Daemon worker"                     [_thread_blocked, id=21448, stack(0x00000091da800000,0x00000091da900000) (1024K)]
  0x0000019c9e029200 JavaThread "Asynchronous log dispatcher for DefaultDaemonConnection: socket connection from /127.0.0.1:62469 to /127.0.0.1:62470"        [_thread_blocked, id=24788, stack(0x00000091da900000,0x00000091daa00000) (1024K)]
  0x0000019c9e029f20 JavaThread "Stdin handler"                     [_thread_blocked, id=21896, stack(0x00000091daa00000,0x00000091dab00000) (1024K)]
  0x0000019c9e02a5b0 JavaThread "Daemon client event forwarder"        [_thread_blocked, id=16292, stack(0x00000091dab00000,0x00000091dac00000) (1024K)]
  0x0000019c9e029890 JavaThread "Cache worker for journal cache (C:\Users\Leo\.gradle\caches\journal-1)"        [_thread_blocked, id=13580, stack(0x00000091dad00000,0x00000091dae00000) (1024K)]
  0x0000019c9e02ac40 JavaThread "File lock request listener"        [_thread_in_native, id=23732, stack(0x00000091dae00000,0x00000091daf00000) (1024K)]
  0x0000019c9e02b2d0 JavaThread "Cache worker for file hash cache (C:\Users\Leo\.gradle\caches\8.6\fileHashes)"        [_thread_blocked, id=26612, stack(0x00000091daf00000,0x00000091db000000) (1024K)]
  0x0000019c9e0284e0 JavaThread "File watcher server"        daemon [_thread_in_native, id=26052, stack(0x00000091db000000,0x00000091db100000) (1024K)]
  0x0000019c9e028b70 JavaThread "File watcher consumer"      daemon [_thread_blocked, id=20728, stack(0x00000091db100000,0x00000091db200000) (1024K)]
  0x0000019ca12875f0 JavaThread "jar transforms"                    [_thread_blocked, id=22444, stack(0x00000091db200000,0x00000091db300000) (1024K)]
  0x0000019ca1285bb0 JavaThread "jar transforms Thread 2"           [_thread_blocked, id=22292, stack(0x00000091db300000,0x00000091db400000) (1024K)]
  0x0000019ca1284170 JavaThread "jar transforms Thread 3"           [_thread_blocked, id=23036, stack(0x00000091db400000,0x00000091db500000) (1024K)]
  0x0000019ca1284800 JavaThread "jar transforms Thread 4"           [_thread_blocked, id=25236, stack(0x00000091db500000,0x00000091db600000) (1024K)]
  0x0000019ca1287c80 JavaThread "jar transforms Thread 5"           [_thread_blocked, id=27776, stack(0x00000091db600000,0x00000091db700000) (1024K)]
  0x0000019ca1286240 JavaThread "jar transforms Thread 6"           [_thread_blocked, id=27132, stack(0x00000091db700000,0x00000091db800000) (1024K)]
  0x0000019ca1286f60 JavaThread "Cache worker for checksums cache (D:\Users\o0LeV\siyai-front-android-final\siyai-front-android-fixed-jvm17\.gradle\8.6\checksums)"        [_thread_blocked, id=23904, stack(0x00000091db800000,0x00000091db900000) (1024K)]
  0x0000019ca1288310 JavaThread "Cache worker for file hash cache (D:\Users\o0LeV\siyai-front-android-final\siyai-front-android-fixed-jvm17\.gradle\8.6\fileHashes)"        [_thread_blocked, id=14028, stack(0x00000091db900000,0x00000091dba00000) (1024K)]
  0x0000019ca1284e90 JavaThread "Cache worker for cache directory md-supplier (C:\Users\Leo\.gradle\caches\8.6\md-supplier)"        [_thread_blocked, id=16072, stack(0x00000091dba00000,0x00000091dbb00000) (1024K)]
  0x0000019ca12889a0 JavaThread "Cache worker for cache directory md-rule (C:\Users\Leo\.gradle\caches\8.6\md-rule)"        [_thread_blocked, id=27220, stack(0x00000091dbb00000,0x00000091dbc00000) (1024K)]
  0x0000019ca1285520 JavaThread "Cache worker for file content cache (C:\Users\Leo\.gradle\caches\8.6\fileContent)"        [_thread_blocked, id=27456, stack(0x00000091dbc00000,0x00000091dbd00000) (1024K)]
  0x0000019ca07c9870 JavaThread "Unconstrained build operations"        [_thread_blocked, id=21108, stack(0x00000091dbd00000,0x00000091dbe00000) (1024K)]
  0x0000019ca07c8b50 JavaThread "Unconstrained build operations Thread 2"        [_thread_blocked, id=14776, stack(0x00000091dbe00000,0x00000091dbf00000) (1024K)]
  0x0000019ca07c91e0 JavaThread "Unconstrained build operations Thread 3"        [_thread_blocked, id=18032, stack(0x00000091dbf00000,0x00000091dc000000) (1024K)]
  0x0000019ca07c7e30 JavaThread "Unconstrained build operations Thread 4"        [_thread_blocked, id=6948, stack(0x00000091dc000000,0x00000091dc100000) (1024K)]
  0x0000019ca07c84c0 JavaThread "Unconstrained build operations Thread 5"        [_thread_blocked, id=2748, stack(0x00000091dc100000,0x00000091dc200000) (1024K)]
  0x0000019ca07c9f00 JavaThread "Unconstrained build operations Thread 6"        [_thread_blocked, id=28176, stack(0x00000091dc200000,0x00000091dc300000) (1024K)]
  0x0000019ca07ca590 JavaThread "Unconstrained build operations Thread 7"        [_thread_blocked, id=28108, stack(0x00000091dc300000,0x00000091dc400000) (1024K)]
Total: 45

Other Threads:
=>0x0000019cff9ef570 VMThread "VM Thread"                           [id=27304, stack(0x00000091d9100000,0x00000091d9200000) (1024K)]
  0x0000019cff9acec0 WatcherThread "VM Periodic Task Thread"        [id=6848, stack(0x00000091d9000000,0x00000091d9100000) (1024K)]
  0x0000019cfe0427d0 WorkerThread "GC Thread#0"                     [id=26160, stack(0x00000091d8b00000,0x00000091d8c00000) (1024K)]
  0x0000019c98c86850 WorkerThread "GC Thread#1"                     [id=14632, stack(0x00000091d9d00000,0x00000091d9e00000) (1024K)]
  0x0000019c98720460 WorkerThread "GC Thread#2"                     [id=10236, stack(0x00000091d9e00000,0x00000091d9f00000) (1024K)]
  0x0000019c98720800 WorkerThread "GC Thread#3"                     [id=28616, stack(0x00000091d9f00000,0x00000091da000000) (1024K)]
  0x0000019c9871fd30 WorkerThread "GC Thread#4"                     [id=1696, stack(0x00000091da000000,0x00000091da100000) (1024K)]
  0x0000019c9d0902a0 WorkerThread "GC Thread#5"                     [id=28588, stack(0x00000091da100000,0x00000091da200000) (1024K)]
  0x0000019cfe0536c0 ConcurrentGCThread "G1 Main Marker"            [id=14988, stack(0x00000091d8c00000,0x00000091d8d00000) (1024K)]
  0x0000019cfe0540d0 WorkerThread "G1 Conc#0"                       [id=26080, stack(0x00000091d8d00000,0x00000091d8e00000) (1024K)]
  0x0000019c9e65c080 WorkerThread "G1 Conc#1"                       [id=26704, stack(0x00000091dac00000,0x00000091dad00000) (1024K)]
  0x0000019cff86f560 ConcurrentGCThread "G1 Refine#0"               [id=27244, stack(0x00000091d8e00000,0x00000091d8f00000) (1024K)]
  0x0000019cff86fbf0 ConcurrentGCThread "G1 Service"                [id=23880, stack(0x00000091d8f00000,0x00000091d9000000) (1024K)]
Total: 13

Threads with active compile tasks:
C2 CompilerThread0  4553 5397       4       java.lang.invoke.InvokerBytecodeGenerator::addMethod (725 bytes)
Total: 1

VM state: at safepoint (normal execution)

VM Mutex/Monitor currently owned by a thread:  ([mutex/lock_event])
[0x00007ff8648685b8] Threads_lock - owner thread: 0x0000019cff9ef570
[0x00007ff8648686b8] Heap_lock - owner thread: 0x0000019c9dd2a6b0

Heap address: 0x0000000700000000, size: 4096 MB, Compressed Oops mode: Zero based, Oop shift amount: 3

CDS archive(s) not mapped
Compressed class space mapped at: 0x0000000800000000-0x0000000840000000, reserved size: 1073741824
Narrow klass base: 0x0000000800000000, Narrow klass shift: 0, Narrow klass range: 0x40000000

GC Precious Log:
 CardTable entry size: 512
 Card Set container configuration: InlinePtr #cards 4 size 8 Array Of Cards #cards 16 size 48 Howl #buckets 8 coarsen threshold 3686 Howl Bitmap #cards 512 size 80 coarsen threshold 460 Card regions per heap region 1 cards per card region 4096
 CPUs: 6 total, 6 available
 Memory: 16292M
 Large Page Support: Disabled
 NUMA Support: Disabled
 Compressed Oops: Enabled (Zero based)
 Heap Region Size: 2M
 Heap Min Capacity: 8M
 Heap Initial Capacity: 256M
 Heap Max Capacity: 4G
 Pre-touch: Disabled
 Parallel Workers: 6
 Concurrent Workers: 2
 Concurrent Refinement Workers: 6
 Periodic GC: Disabled

Heap:
 garbage-first heap   total 131072K, used 89763K [0x0000000700000000, 0x0000000800000000)
  region size 2048K, 1 young (2048K), 1 survivors (2048K)
 Metaspace       used 59018K, committed 60544K, reserved 1114112K
  class space    used 8199K, committed 8896K, reserved 1048576K

Heap Regions: E=young(eden), S=young(survivor), O=old, HS=humongous(starts), HC=humongous(continues), CS=collection set, F=free, TAMS=top-at-mark-start, PB=parsable bottom
|   0|0x0000000700000000, 0x0000000700200000, 0x0000000700200000|100%|HS|  |TAMS 0x0000000700200000| PB 0x0000000700000000| Complete 
|   1|0x0000000700200000, 0x0000000700400000, 0x0000000700400000|100%|HC|  |TAMS 0x0000000700400000| PB 0x0000000700200000| Complete 
|   2|0x0000000700400000, 0x0000000700600000, 0x0000000700600000|100%| O|  |TAMS 0x0000000700600000| PB 0x0000000700400000| Untracked 
|   3|0x0000000700600000, 0x0000000700800000, 0x0000000700800000|100%| O|  |TAMS 0x0000000700800000| PB 0x0000000700600000| Untracked 
|   4|0x0000000700800000, 0x0000000700a00000, 0x0000000700a00000|100%| O|  |TAMS 0x0000000700a00000| PB 0x0000000700800000| Untracked 
|   5|0x0000000700a00000, 0x0000000700c00000, 0x0000000700c00000|100%|HS|  |TAMS 0x0000000700c00000| PB 0x0000000700a00000| Complete 
|   6|0x0000000700c00000, 0x0000000700e00000, 0x0000000700e00000|100%|HC|  |TAMS 0x0000000700e00000| PB 0x0000000700c00000| Complete 
|   7|0x0000000700e00000, 0x0000000701000000, 0x0000000701000000|100%|HC|  |TAMS 0x0000000701000000| PB 0x0000000700e00000| Complete 
|   8|0x0000000701000000, 0x0000000701200000, 0x0000000701200000|100%|HS|  |TAMS 0x0000000701200000| PB 0x0000000701000000| Complete 
|   9|0x0000000701200000, 0x0000000701400000, 0x0000000701400000|100%|HS|  |TAMS 0x0000000701400000| PB 0x0000000701200000| Complete 
|  10|0x0000000701400000, 0x0000000701600000, 0x0000000701600000|100%|HC|  |TAMS 0x0000000701600000| PB 0x0000000701400000| Complete 
|  11|0x0000000701600000, 0x0000000701800000, 0x0000000701800000|100%| O|  |TAMS 0x0000000701800000| PB 0x0000000701600000| Untracked 
|  12|0x0000000701800000, 0x0000000701a00000, 0x0000000701a00000|100%| O|  |TAMS 0x0000000701a00000| PB 0x0000000701800000| Untracked 
|  13|0x0000000701a00000, 0x0000000701c00000, 0x0000000701c00000|100%|HS|  |TAMS 0x0000000701c00000| PB 0x0000000701a00000| Complete 
|  14|0x0000000701c00000, 0x0000000701e00000, 0x0000000701e00000|100%|HS|  |TAMS 0x0000000701e00000| PB 0x0000000701c00000| Complete 
|  15|0x0000000701e00000, 0x0000000702000000, 0x0000000702000000|100%|HC|  |TAMS 0x0000000702000000| PB 0x0000000701e00000| Complete 
|  16|0x0000000702000000, 0x0000000702200000, 0x0000000702200000|100%|HS|  |TAMS 0x0000000702200000| PB 0x0000000702000000| Complete 
|  17|0x0000000702200000, 0x0000000702400000, 0x0000000702400000|100%|HC|  |TAMS 0x0000000702400000| PB 0x0000000702200000| Complete 
|  18|0x0000000702400000, 0x0000000702600000, 0x0000000702600000|100%|HC|  |TAMS 0x0000000702600000| PB 0x0000000702400000| Complete 
|  19|0x0000000702600000, 0x0000000702800000, 0x0000000702800000|100%| O|  |TAMS 0x0000000702800000| PB 0x0000000702600000| Untracked 
|  20|0x0000000702800000, 0x0000000702a00000, 0x0000000702a00000|100%| O|  |TAMS 0x0000000702a00000| PB 0x0000000702800000| Untracked 
|  21|0x0000000702a00000, 0x0000000702c00000, 0x0000000702c00000|100%| O|  |TAMS 0x0000000702c00000| PB 0x0000000702a00000| Untracked 
|  22|0x0000000702c00000, 0x0000000702e00000, 0x0000000702e00000|100%| O|  |TAMS 0x0000000702c00000| PB 0x0000000702c00000| Untracked 
|  23|0x0000000702e00000, 0x0000000703000000, 0x0000000703000000|100%| O|  |TAMS 0x0000000703000000| PB 0x0000000702e00000| Untracked 
|  24|0x0000000703000000, 0x0000000703200000, 0x0000000703200000|100%| O|  |TAMS 0x0000000703200000| PB 0x0000000703000000| Untracked 
|  25|0x0000000703200000, 0x0000000703400000, 0x0000000703400000|100%| O|  |TAMS 0x0000000703400000| PB 0x0000000703200000| Untracked 
|  26|0x0000000703400000, 0x0000000703600000, 0x0000000703600000|100%| O|  |TAMS 0x0000000703600000| PB 0x0000000703400000| Untracked 
|  27|0x0000000703600000, 0x0000000703800000, 0x0000000703800000|100%|HS|  |TAMS 0x0000000703800000| PB 0x0000000703600000| Complete 
|  28|0x0000000703800000, 0x0000000703a00000, 0x0000000703a00000|100%|HS|  |TAMS 0x0000000703a00000| PB 0x0000000703800000| Complete 
|  29|0x0000000703a00000, 0x0000000703c00000, 0x0000000703c00000|100%|HC|  |TAMS 0x0000000703c00000| PB 0x0000000703a00000| Complete 
|  30|0x0000000703c00000, 0x0000000703e00000, 0x0000000703e00000|100%|HC|  |TAMS 0x0000000703e00000| PB 0x0000000703c00000| Complete 
|  31|0x0000000703e00000, 0x0000000704000000, 0x0000000704000000|100%|HS|  |TAMS 0x0000000704000000| PB 0x0000000703e00000| Complete 
|  32|0x0000000704000000, 0x0000000704200000, 0x0000000704200000|100%|HC|  |TAMS 0x0000000704200000| PB 0x0000000704000000| Complete 
|  33|0x0000000704200000, 0x0000000704400000, 0x0000000704400000|100%|HC|  |TAMS 0x0000000704400000| PB 0x0000000704200000| Complete 
|  34|0x0000000704400000, 0x0000000704600000, 0x0000000704600000|100%| O|  |TAMS 0x0000000704400000| PB 0x0000000704400000| Untracked 
|  35|0x0000000704600000, 0x00000007047e5000, 0x0000000704800000| 94%| O|  |TAMS 0x0000000704600000| PB 0x0000000704600000| Untracked 
|  36|0x0000000704800000, 0x0000000704800000, 0x0000000704a00000|  0%| F|  |TAMS 0x0000000704800000| PB 0x0000000704800000| Untracked 
|  37|0x0000000704a00000, 0x0000000704c00000, 0x0000000704c00000|100%| O|  |TAMS 0x0000000704c00000| PB 0x0000000704a00000| Untracked 
|  38|0x0000000704c00000, 0x0000000704c00000, 0x0000000704e00000|  0%| F|  |TAMS 0x0000000704c00000| PB 0x0000000704c00000| Untracked 
|  39|0x0000000704e00000, 0x0000000704e00000, 0x0000000705000000|  0%| F|  |TAMS 0x0000000704e00000| PB 0x0000000704e00000| Untracked 
|  40|0x0000000705000000, 0x0000000705000000, 0x0000000705200000|  0%| F|  |TAMS 0x0000000705000000| PB 0x0000000705000000| Untracked 
|  41|0x0000000705200000, 0x00000007053c3c60, 0x0000000705400000| 88%| S|CS|TAMS 0x0000000705200000| PB 0x0000000705200000| Complete 
|  42|0x0000000705400000, 0x0000000705400000, 0x0000000705600000|  0%| F|  |TAMS 0x0000000705400000| PB 0x0000000705400000| Untracked 
|  43|0x0000000705600000, 0x0000000705600000, 0x0000000705800000|  0%| F|  |TAMS 0x0000000705600000| PB 0x0000000705600000| Untracked 
|  44|0x0000000705800000, 0x0000000705800000, 0x0000000705a00000|  0%| F|  |TAMS 0x0000000705800000| PB 0x0000000705800000| Untracked 
|  45|0x0000000705a00000, 0x0000000705a00000, 0x0000000705c00000|  0%| F|  |TAMS 0x0000000705a00000| PB 0x0000000705a00000| Untracked 
|  46|0x0000000705c00000, 0x0000000705c00000, 0x0000000705e00000|  0%| F|  |TAMS 0x0000000705c00000| PB 0x0000000705c00000| Untracked 
|  47|0x0000000705e00000, 0x0000000705e00000, 0x0000000706000000|  0%| F|  |TAMS 0x0000000705e00000| PB 0x0000000705e00000| Untracked 
|  48|0x0000000706000000, 0x0000000706000000, 0x0000000706200000|  0%| F|  |TAMS 0x0000000706000000| PB 0x0000000706000000| Untracked 
|  49|0x0000000706200000, 0x0000000706200000, 0x0000000706400000|  0%| F|  |TAMS 0x0000000706200000| PB 0x0000000706200000| Untracked 
|  50|0x0000000706400000, 0x0000000706400000, 0x0000000706600000|  0%| F|  |TAMS 0x0000000706400000| PB 0x0000000706400000| Untracked 
|  51|0x0000000706600000, 0x0000000706600000, 0x0000000706800000|  0%| F|  |TAMS 0x0000000706600000| PB 0x0000000706600000| Untracked 
|  97|0x000000070c200000, 0x000000070c200000, 0x000000070c400000|  0%| F|  |TAMS 0x000000070c200000| PB 0x000000070c200000| Untracked 
|  98|0x000000070c400000, 0x000000070c400000, 0x000000070c600000|  0%| F|  |TAMS 0x000000070c400000| PB 0x000000070c400000| Untracked 
|  99|0x000000070c600000, 0x000000070c600000, 0x000000070c800000|  0%| F|  |TAMS 0x000000070c600000| PB 0x000000070c600000| Untracked 
| 100|0x000000070c800000, 0x000000070c800000, 0x000000070ca00000|  0%| F|  |TAMS 0x000000070c800000| PB 0x000000070c800000| Untracked 
| 101|0x000000070ca00000, 0x000000070ca00000, 0x000000070cc00000|  0%| F|  |TAMS 0x000000070ca00000| PB 0x000000070ca00000| Untracked 
| 127|0x000000070fe00000, 0x000000070fe00000, 0x0000000710000000|  0%| F|  |TAMS 0x000000070fe00000| PB 0x000000070fe00000| Untracked 
|2042|0x00000007ff400000, 0x00000007ff600000, 0x00000007ff600000|100%| O|  |TAMS 0x00000007ff51f6c0| PB 0x00000007ff400000| Untracked 
|2043|0x00000007ff600000, 0x00000007ff800000, 0x00000007ff800000|100%| O|  |TAMS 0x00000007ff800000| PB 0x00000007ff600000| Untracked 
|2044|0x00000007ff800000, 0x00000007ffa00000, 0x00000007ffa00000|100%| O|  |TAMS 0x00000007ffa00000| PB 0x00000007ff800000| Untracked 
|2045|0x00000007ffa00000, 0x00000007ffc00000, 0x00000007ffc00000|100%| O|  |TAMS 0x00000007ffc00000| PB 0x00000007ffa00000| Untracked 
|2046|0x00000007ffc00000, 0x00000007ffe00000, 0x00000007ffe00000|100%| O|  |TAMS 0x00000007ffe00000| PB 0x00000007ffc00000| Untracked 
|2047|0x00000007ffe00000, 0x0000000800000000, 0x0000000800000000|100%| O|  |TAMS 0x0000000800000000| PB 0x00000007ffe00000| Untracked 

Card table byte_map: [0x0000019cfe9b0000,0x0000019cff1b0000] _byte_map_base: 0x0000019cfb1b0000

Marking Bits: (CMBitMap*) 0x0000019cfe042de0
 Bits: [0x0000019c92090000, 0x0000019c96090000)

Polling page: 0x0000019cfbde0000

Metaspace:

Usage:
  Non-class:     49.63 MB used.
      Class:      8.01 MB used.
       Both:     57.64 MB used.

Virtual space:
  Non-class space:       64.00 MB reserved,      50.44 MB ( 79%) committed,  1 nodes.
      Class space:        1.00 GB reserved,       8.69 MB ( <1%) committed,  1 nodes.
             Both:        1.06 GB reserved,      59.12 MB (  5%) committed. 

Chunk freelists:
   Non-Class:  13.22 MB
       Class:  7.13 MB
        Both:  20.34 MB

MaxMetaspaceSize: unlimited
CompressedClassSpaceSize: 1.00 GB
Initial GC threshold: 21.00 MB
Current GC threshold: 81.38 MB
CDS: off
 - commit_granule_bytes: 65536.
 - commit_granule_words: 8192.
 - virtual_space_node_default_size: 8388608.
 - enlarge_chunks_in_place: 1.
 - use_allocation_guard: 0.


Internal statistics:

num_allocs_failed_limit: 3.
num_arena_births: 2776.
num_arena_deaths: 0.
num_vsnodes_births: 2.
num_vsnodes_deaths: 0.
num_space_committed: 946.
num_space_uncommitted: 0.
num_chunks_returned_to_freelist: 3.
num_chunks_taken_from_freelist: 5069.
num_chunk_merges: 3.
num_chunk_splits: 3283.
num_chunks_enlarged: 2008.
num_inconsistent_stats: 0.

CodeHeap 'non-profiled nmethods': size=120000Kb used=2889Kb max_used=2889Kb free=117110Kb
 bounds [0x0000019c8ab60000, 0x0000019c8ae40000, 0x0000019c92090000]
CodeHeap 'profiled nmethods': size=120000Kb used=9451Kb max_used=9451Kb free=110548Kb
 bounds [0x0000019c83090000, 0x0000019c839d0000, 0x0000019c8a5c0000]
CodeHeap 'non-nmethods': size=5760Kb used=2705Kb max_used=2738Kb free=3054Kb
 bounds [0x0000019c8a5c0000, 0x0000019c8a880000, 0x0000019c8ab60000]
CodeCache: size=245760Kb, used=15045Kb, max_used=15078Kb, free=230712Kb
 total_blobs=5679, nmethods=4826, adapters=757, full_count=0
Compilation: enabled, stopped_count=0, restarted_count=0

Compilation events (20 events):
Event: 4.521 Thread 0x0000019c9812efd0 nmethod 5411 0x0000019c8ae30010 code [0x0000019c8ae301a0, 0x0000019c8ae30270]
Event: 4.521 Thread 0x0000019c9812efd0 5412       3       java.lang.invoke.LambdaForm$DMH/0x0000000800174000::invokeInterface (28 bytes)
Event: 4.521 Thread 0x0000019c9812efd0 nmethod 5412 0x0000019c839c6810 code [0x0000019c839c6a00, 0x0000019c839c7198]
Event: 4.525 Thread 0x0000019c986d1870 nmethod 5408 0x0000019c8ae30310 code [0x0000019c8ae304c0, 0x0000019c8ae309e0]
Event: 4.525 Thread 0x0000019c986d1870 5409       4       java.lang.String$CaseInsensitiveComparator::compare (13 bytes)
Event: 4.529 Thread 0x0000019c986d1870 nmethod 5409 0x0000019c8ae30d90 code [0x0000019c8ae30f60, 0x0000019c8ae31508]
Event: 4.529 Thread 0x0000019c986d1870 5413       4       jdk.internal.org.objectweb.asm.MethodWriter::visitTypeInsn (116 bytes)
Event: 4.531 Thread 0x0000019c986d1870 nmethod 5413 0x0000019c8ae31910 code [0x0000019c8ae31ae0, 0x0000019c8ae31ea8]
Event: 4.531 Thread 0x0000019c9812efd0 5414   !   3       org.gradle.internal.event.AbstractBroadcastDispatch::dispatch (74 bytes)
Event: 4.532 Thread 0x0000019c9812efd0 nmethod 5414 0x0000019c839c7310 code [0x0000019c839c75e0, 0x0000019c839c8700]
Event: 4.532 Thread 0x0000019c9812efd0 5415       3       java.util.regex.CharPredicates$$Lambda/0x00000008000a5300::is (5 bytes)
Event: 4.532 Thread 0x0000019c986d1870 5417       4       jdk.internal.reflect.ClassFileAssembler::cpi (22 bytes)
Event: 4.532 Thread 0x0000019c986d1870 nmethod 5417 0x0000019c8ae32210 code [0x0000019c8ae323a0, 0x0000019c8ae32448]
Event: 4.532 Thread 0x0000019c9812efd0 nmethod 5415 0x0000019c839c8d90 code [0x0000019c839c8f60, 0x0000019c839c9340]
Event: 4.532 Thread 0x0000019c9812efd0 5416       3       java.util.regex.CharPredicates::lambda$ASCII_WORD$19 (20 bytes)
Event: 4.532 Thread 0x0000019c9812efd0 nmethod 5416 0x0000019c839c9490 code [0x0000019c839c9660, 0x0000019c839c99b8]
Event: 4.533 Thread 0x0000019c9812efd0 5418       3       sun.security.provider.DigestBase::implCompressMultiBlockCheck (58 bytes)
Event: 4.533 Thread 0x0000019c9812efd0 nmethod 5418 0x0000019c839c9b10 code [0x0000019c839c9d00, 0x0000019c839ca160]
Event: 4.533 Thread 0x0000019c9812efd0 5419       3       sun.security.provider.ByteArrayAccess::i2bBig4 (10 bytes)
Event: 4.534 Thread 0x0000019c9812efd0 nmethod 5419 0x0000019c839ca390 code [0x0000019c839ca5a0, 0x0000019c839cab58]

GC Heap History (20 events):
Event: 2.133 GC heap after
{Heap after GC invocations=5 (full 0):
 garbage-first heap   total 81920K, used 22030K [0x0000000700000000, 0x0000000800000000)
  region size 2048K, 6 young (12288K), 6 survivors (12288K)
 Metaspace       used 29315K, committed 29888K, reserved 1114112K
  class space    used 3885K, committed 4160K, reserved 1048576K
}
Event: 2.475 GC heap before
{Heap before GC invocations=5 (full 0):
 garbage-first heap   total 81920K, used 69134K [0x0000000700000000, 0x0000000800000000)
  region size 2048K, 24 young (49152K), 6 survivors (12288K)
 Metaspace       used 33753K, committed 34496K, reserved 1114112K
  class space    used 4669K, committed 4992K, reserved 1048576K
}
Event: 2.482 GC heap after
{Heap after GC invocations=6 (full 0):
 garbage-first heap   total 90112K, used 39315K [0x0000000700000000, 0x0000000800000000)
  region size 2048K, 3 young (6144K), 3 survivors (6144K)
 Metaspace       used 33753K, committed 34496K, reserved 1114112K
  class space    used 4669K, committed 4992K, reserved 1048576K
}
Event: 2.528 GC heap before
{Heap before GC invocations=6 (full 0):
 garbage-first heap   total 90112K, used 49555K [0x0000000700000000, 0x0000000800000000)
  region size 2048K, 6 young (12288K), 3 survivors (6144K)
 Metaspace       used 34279K, committed 35008K, reserved 1114112K
  class space    used 4760K, committed 5120K, reserved 1048576K
}
Event: 2.532 GC heap after
{Heap after GC invocations=7 (full 0):
 garbage-first heap   total 90112K, used 49385K [0x0000000700000000, 0x0000000800000000)
  region size 2048K, 2 young (4096K), 2 survivors (4096K)
 Metaspace       used 34279K, committed 35008K, reserved 1114112K
  class space    used 4760K, committed 5120K, reserved 1048576K
}
Event: 2.734 GC heap before
{Heap before GC invocations=8 (full 0):
 garbage-first heap   total 90112K, used 73961K [0x0000000700000000, 0x0000000800000000)
  region size 2048K, 12 young (24576K), 2 survivors (4096K)
 Metaspace       used 36541K, committed 37376K, reserved 1114112K
  class space    used 5133K, committed 5504K, reserved 1048576K
}
Event: 2.735 GC heap after
{Heap after GC invocations=9 (full 0):
 garbage-first heap   total 90112K, used 58791K [0x0000000700000000, 0x0000000800000000)
  region size 2048K, 2 young (4096K), 2 survivors (4096K)
 Metaspace       used 36541K, committed 37376K, reserved 1114112K
  class space    used 5133K, committed 5504K, reserved 1048576K
}
Event: 2.900 GC heap before
{Heap before GC invocations=9 (full 0):
 garbage-first heap   total 90112K, used 75175K [0x0000000700000000, 0x0000000800000000)
  region size 2048K, 10 young (20480K), 2 survivors (4096K)
 Metaspace       used 38579K, committed 39552K, reserved 1114112K
  class space    used 5483K, committed 5952K, reserved 1048576K
}
Event: 2.902 GC heap after
{Heap after GC invocations=10 (full 0):
 garbage-first heap   total 90112K, used 59418K [0x0000000700000000, 0x0000000800000000)
  region size 2048K, 2 young (4096K), 2 survivors (4096K)
 Metaspace       used 38579K, committed 39552K, reserved 1114112K
  class space    used 5483K, committed 5952K, reserved 1048576K
}
Event: 3.065 GC heap before
{Heap before GC invocations=11 (full 0):
 garbage-first heap   total 102400K, used 75802K [0x0000000700000000, 0x0000000800000000)
  region size 2048K, 10 young (20480K), 2 survivors (4096K)
 Metaspace       used 41008K, committed 42176K, reserved 1114112K
  class space    used 5886K, committed 6464K, reserved 1048576K
}
Event: 3.067 GC heap after
{Heap after GC invocations=12 (full 0):
 garbage-first heap   total 122880K, used 60352K [0x0000000700000000, 0x0000000800000000)
  region size 2048K, 1 young (2048K), 1 survivors (2048K)
 Metaspace       used 41008K, committed 42176K, reserved 1114112K
  class space    used 5886K, committed 6464K, reserved 1048576K
}
Event: 3.403 GC heap before
{Heap before GC invocations=12 (full 0):
 garbage-first heap   total 122880K, used 93120K [0x0000000700000000, 0x0000000800000000)
  region size 2048K, 18 young (36864K), 1 survivors (2048K)
 Metaspace       used 47707K, committed 48896K, reserved 1114112K
  class space    used 6653K, committed 7232K, reserved 1048576K
}
Event: 3.408 GC heap after
{Heap after GC invocations=13 (full 0):
 garbage-first heap   total 122880K, used 64532K [0x0000000700000000, 0x0000000800000000)
  region size 2048K, 3 young (6144K), 3 survivors (6144K)
 Metaspace       used 47707K, committed 48896K, reserved 1114112K
  class space    used 6653K, committed 7232K, reserved 1048576K
}
Event: 3.666 GC heap before
{Heap before GC invocations=13 (full 0):
 garbage-first heap   total 122880K, used 85012K [0x0000000700000000, 0x0000000800000000)
  region size 2048K, 14 young (28672K), 3 survivors (6144K)
 Metaspace       used 48222K, committed 49344K, reserved 1114112K
  class space    used 6707K, committed 7232K, reserved 1048576K
}
Event: 3.669 GC heap after
{Heap after GC invocations=14 (full 0):
 garbage-first heap   total 122880K, used 66680K [0x0000000700000000, 0x0000000800000000)
  region size 2048K, 2 young (4096K), 2 survivors (4096K)
 Metaspace       used 48222K, committed 49344K, reserved 1114112K
  class space    used 6707K, committed 7232K, reserved 1048576K
}
Event: 4.020 GC heap before
{Heap before GC invocations=15 (full 0):
 garbage-first heap   total 122880K, used 105592K [0x0000000700000000, 0x0000000800000000)
  region size 2048K, 19 young (38912K), 2 survivors (4096K)
 Metaspace       used 53565K, committed 54848K, reserved 1114112K
  class space    used 7457K, committed 8064K, reserved 1048576K
}
Event: 4.023 GC heap after
{Heap after GC invocations=16 (full 0):
 garbage-first heap   total 122880K, used 67999K [0x0000000700000000, 0x0000000800000000)
  region size 2048K, 3 young (6144K), 3 survivors (6144K)
 Metaspace       used 53565K, committed 54848K, reserved 1114112K
  class space    used 7457K, committed 8064K, reserved 1048576K
}
Event: 4.348 GC heap before
{Heap before GC invocations=16 (full 0):
 garbage-first heap   total 122880K, used 115103K [0x0000000700000000, 0x0000000800000000)
  region size 2048K, 20 young (40960K), 3 survivors (6144K)
 Metaspace       used 57095K, committed 58560K, reserved 1114112K
  class space    used 7869K, committed 8576K, reserved 1048576K
}
Event: 4.354 GC heap after
{Heap after GC invocations=17 (full 0):
 garbage-first heap   total 131072K, used 87165K [0x0000000700000000, 0x0000000800000000)
  region size 2048K, 3 young (6144K), 3 survivors (6144K)
 Metaspace       used 57095K, committed 58560K, reserved 1114112K
  class space    used 7869K, committed 8576K, reserved 1048576K
}
Event: 4.534 GC heap before
{Heap before GC invocations=17 (full 0):
 garbage-first heap   total 131072K, used 115837K [0x0000000700000000, 0x0000000800000000)
  region size 2048K, 17 young (34816K), 3 survivors (6144K)
 Metaspace       used 59018K, committed 60544K, reserved 1114112K
  class space    used 8199K, committed 8896K, reserved 1048576K
}

Dll operation events (3 events):
Event: 0.006 Loaded shared library D:\Users\o0LeV\AndroidStudio\jbr\bin\java.dll
Event: 0.010 Loaded shared library D:\Users\o0LeV\AndroidStudio\jbr\bin\zip.dll
Event: 0.393 Loaded shared library D:\Users\o0LeV\AndroidStudio\jbr\bin\verify.dll

Deoptimization events (20 events):
Event: 4.508 Thread 0x0000019c9dd2a6b0 Uncommon trap: trap_request=0xffffffd6 fr.pc=0x0000019c8ae24b04 relative=0x0000000000000444
Event: 4.508 Thread 0x0000019c9dd2a6b0 Uncommon trap: reason=array_check action=maybe_recompile pc=0x0000019c8ae24b04 method=java.util.Arrays.fill([Ljava/lang/Object;IILjava/lang/Object;)V @ 20 c2
Event: 4.508 Thread 0x0000019c9dd2a6b0 DEOPT PACKING pc=0x0000019c8ae24b04 sp=0x00000091da8f8dd0
Event: 4.508 Thread 0x0000019c9dd2a6b0 DEOPT UNPACKING pc=0x0000019c8a6146a2 sp=0x00000091da8f8d98 mode 2
Event: 4.510 Thread 0x0000019c9dd2a6b0 Uncommon trap: trap_request=0xffffffd6 fr.pc=0x0000019c8ae24b04 relative=0x0000000000000444
Event: 4.510 Thread 0x0000019c9dd2a6b0 Uncommon trap: reason=array_check action=maybe_recompile pc=0x0000019c8ae24b04 method=java.util.Arrays.fill([Ljava/lang/Object;IILjava/lang/Object;)V @ 20 c2
Event: 4.510 Thread 0x0000019c9dd2a6b0 DEOPT PACKING pc=0x0000019c8ae24b04 sp=0x00000091da8f8f20
Event: 4.510 Thread 0x0000019c9dd2a6b0 DEOPT UNPACKING pc=0x0000019c8a6146a2 sp=0x00000091da8f8ee8 mode 2
Event: 4.520 Thread 0x0000019c9dd2a6b0 Uncommon trap: trap_request=0xffffffc6 fr.pc=0x0000019c8ac1633c relative=0x0000000000004a1c
Event: 4.520 Thread 0x0000019c9dd2a6b0 Uncommon trap: reason=bimorphic_or_optimized_type_check action=maybe_recompile pc=0x0000019c8ac1633c method=java.util.AbstractCollection.addAll(Ljava/util/Collection;)Z @ 29 c2
Event: 4.520 Thread 0x0000019c9dd2a6b0 DEOPT PACKING pc=0x0000019c8ac1633c sp=0x00000091da8faf40
Event: 4.520 Thread 0x0000019c9dd2a6b0 DEOPT UNPACKING pc=0x0000019c8a6146a2 sp=0x00000091da8faf40 mode 2
Event: 4.529 Thread 0x0000019c9dd2a6b0 Uncommon trap: trap_request=0xffffffcc fr.pc=0x0000019c8ae2be28 relative=0x0000000000000168
Event: 4.529 Thread 0x0000019c9dd2a6b0 Uncommon trap: reason=intrinsic_or_type_checked_inlining action=make_not_entrant pc=0x0000019c8ae2be28 method=java.util.ArrayList$SubList.toArray([Ljava/lang/Object;)[Ljava/lang/Object; @ 58 c2
Event: 4.529 Thread 0x0000019c9dd2a6b0 DEOPT PACKING pc=0x0000019c8ae2be28 sp=0x00000091da8fb750
Event: 4.529 Thread 0x0000019c9dd2a6b0 DEOPT UNPACKING pc=0x0000019c8a6146a2 sp=0x00000091da8fb6f0 mode 2
Event: 4.532 Thread 0x0000019c9dd2a6b0 Uncommon trap: trap_request=0xffffffd6 fr.pc=0x0000019c8ae24b04 relative=0x0000000000000444
Event: 4.532 Thread 0x0000019c9dd2a6b0 Uncommon trap: reason=array_check action=maybe_recompile pc=0x0000019c8ae24b04 method=java.util.Arrays.fill([Ljava/lang/Object;IILjava/lang/Object;)V @ 20 c2
Event: 4.532 Thread 0x0000019c9dd2a6b0 DEOPT PACKING pc=0x0000019c8ae24b04 sp=0x00000091da8f99e0
Event: 4.532 Thread 0x0000019c9dd2a6b0 DEOPT UNPACKING pc=0x0000019c8a6146a2 sp=0x00000091da8f99a8 mode 2

Classes loaded (20 events):
Event: 4.434 Loading class jdk/internal/loader/URLClassPath$FileLoader$1
Event: 4.434 Loading class jdk/internal/loader/URLClassPath$FileLoader$1 done
Event: 4.452 Loading class java/util/concurrent/atomic/AtomicReferenceFieldUpdater
Event: 4.452 Loading class java/util/concurrent/atomic/AtomicReferenceFieldUpdater done
Event: 4.452 Loading class java/util/concurrent/atomic/AtomicReferenceFieldUpdater$AtomicReferenceFieldUpdaterImpl
Event: 4.452 Loading class java/util/concurrent/atomic/AtomicReferenceFieldUpdater$AtomicReferenceFieldUpdaterImpl done
Event: 4.452 Loading class java/util/concurrent/atomic/AtomicReferenceFieldUpdater$AtomicReferenceFieldUpdaterImpl$1
Event: 4.452 Loading class java/util/concurrent/atomic/AtomicReferenceFieldUpdater$AtomicReferenceFieldUpdaterImpl$1 done
Event: 4.499 Loading class jdk/internal/math/MathUtils
Event: 4.499 Loading class jdk/internal/math/MathUtils done
Event: 4.505 Loading class java/util/zip/GZIPOutputStream
Event: 4.505 Loading class java/util/zip/GZIPOutputStream done
Event: 4.505 Loading class java/util/zip/GZIPInputStream
Event: 4.505 Loading class java/util/zip/GZIPInputStream done
Event: 4.532 Loading class java/io/ObjectOutputStream$BlockDataOutputStream
Event: 4.532 Loading class java/io/ObjectOutputStream$BlockDataOutputStream done
Event: 4.532 Loading class java/io/ObjectOutputStream$HandleTable
Event: 4.532 Loading class java/io/ObjectOutputStream$HandleTable done
Event: 4.532 Loading class java/io/ObjectOutputStream$ReplaceTable
Event: 4.532 Loading class java/io/ObjectOutputStream$ReplaceTable done

Classes unloaded (0 events):
No events

Classes redefined (0 events):
No events

Internal exceptions (20 events):
Event: 4.240 Thread 0x0000019c9dd2a6b0 Exception <a 'java/lang/ClassNotFoundException'{0x0000000705d1e210}: org/gradle/internal/extensibility/DefaultConventionCustomizer> (0x0000000705d1e210) 
thrown [s\src\hotspot\share\classfile\systemDictionary.cpp, line 312]
Event: 4.247 Thread 0x0000019c9dd2a6b0 Exception <a 'java/lang/ClassNotFoundException'{0x0000000705db37a8}: com/intellij/gradle/toolingExtension/impl/modelBuilder/ExtraModelBuilderBeanInfo> (0x0000000705db37a8) 
thrown [s\src\hotspot\share\classfile\systemDictionary.cpp, line 312]
Event: 4.247 Thread 0x0000019c9dd2a6b0 Exception <a 'java/lang/ClassNotFoundException'{0x0000000705dbee50}: com/intellij/gradle/toolingExtension/impl/modelBuilder/ExtraModelBuilderCustomizer> (0x0000000705dbee50) 
thrown [s\src\hotspot\share\classfile\systemDictionary.cpp, line 312]
Event: 4.329 Thread 0x0000019c9dd2a6b0 Exception <a 'java/lang/IncompatibleClassChangeError'{0x00000007051ef7f8}: Found class java.lang.Object, but interface was expected> (0x00000007051ef7f8) 
thrown [s\src\hotspot\share\interpreter\linkResolver.cpp, line 851]
Event: 4.332 Thread 0x0000019c9dd2a6b0 Exception <a 'sun/nio/fs/WindowsException'{0x0000000704e2a0d0}> (0x0000000704e2a0d0) 
thrown [s\src\hotspot\share\prims\jni.cpp, line 537]
Event: 4.333 Thread 0x0000019c9dd2a6b0 Exception <a 'sun/nio/fs/WindowsException'{0x0000000704e2b8c8}> (0x0000000704e2b8c8) 
thrown [s\src\hotspot\share\prims\jni.cpp, line 537]
Event: 4.333 Thread 0x0000019c9dd2a6b0 Exception <a 'sun/nio/fs/WindowsException'{0x0000000704e2d080}> (0x0000000704e2d080) 
thrown [s\src\hotspot\share\prims\jni.cpp, line 537]
Event: 4.334 Thread 0x0000019c9dd2a6b0 Exception <a 'sun/nio/fs/WindowsException'{0x0000000704e2e868}> (0x0000000704e2e868) 
thrown [s\src\hotspot\share\prims\jni.cpp, line 537]
Event: 4.335 Thread 0x0000019c9dd2a6b0 Exception <a 'java/lang/NoSuchMethodError'{0x0000000704e3eea0}: 'java.lang.Object java.lang.invoke.Invokers$Holder.invoker(java.lang.Object, java.lang.Object, java.lang.Object, java.lang.Object, java.lang.Object, java.lang.Object)'> (0x0000000704e3eea0) 
thrown [s\src\hotspot\share\interpreter\linkResolver.cpp, line 784]
Event: 4.344 Thread 0x0000019c9dd2a6b0 Exception <a 'java/lang/NoSuchMethodError'{0x0000000704f1c3f8}: 'java.lang.Object java.lang.invoke.Invokers$Holder.invoker(java.lang.Object, java.lang.Object, java.lang.Object, java.lang.Object, java.lang.Object)'> (0x0000000704f1c3f8) 
thrown [s\src\hotspot\share\interpreter\linkResolver.cpp, line 784]
Event: 4.346 Thread 0x0000019c9dd2a6b0 Exception <a 'java/lang/NoSuchMethodError'{0x0000000704f383a0}: 'java.lang.Object java.lang.invoke.DirectMethodHandle$Holder.invokeSpecial(java.lang.Object, java.lang.Object, java.lang.Object, java.lang.Object, java.lang.Object, java.lang.Object, java.lang.Object, java.lang.Object, java.lang.Object, java.lang.Object, java.lang.Object, java.lang.Object, java.lang.Object, java.lang.Object, java.lang.Object, java.lang.Object, java.lang.Object, java.lang.Object, java.lang.Object, java.lang.Object, java.lang.Ob
Event: 4.346 Thread 0x0000019c9dd2a6b0 Exception <a 'java/lang/NoSuchMethodError'{0x0000000704f3e150}: 'java.lang.Object java.lang.invoke.DelegatingMethodHandle$Holder.reinvoke_L(java.lang.Object, java.lang.Object, java.lang.Object, java.lang.Object, java.lang.Object, java.lang.Object, java.lang.Object, java.lang.Object, java.lang.Object, java.lang.Object, java.lang.Object, java.lang.Object, java.lang.Object, java.lang.Object, java.lang.Object, java.lang.Object, java.lang.Object, java.lang.Object, java.lang.Object, java.lang.Object, java.lang.O
Event: 4.346 Thread 0x0000019c9dd2a6b0 Exception <a 'java/lang/NoSuchMethodError'{0x0000000704f49538}: 'java.lang.Object java.lang.invoke.Invokers$Holder.invoker(java.lang.Object, java.lang.Object, java.lang.Object, java.lang.Object, java.lang.Object, java.lang.Object, java.lang.Object, java.lang.Object, java.lang.Object, java.lang.Object, java.lang.Object, java.lang.Object, java.lang.Object, java.lang.Object, java.lang.Object, java.lang.Object, java.lang.Object, java.lang.Object, java.lang.Object, java.lang.Object, java.lang.Object, java.lang.
Event: 4.346 Thread 0x0000019c9dd2a6b0 Exception <a 'java/lang/NoSuchMethodError'{0x0000000704f4fab8}: 'java.lang.Object java.lang.invoke.DelegatingMethodHandle$Holder.delegate(java.lang.Object, java.lang.Object, java.lang.Object, java.lang.Object, java.lang.Object, java.lang.Object, java.lang.Object, java.lang.Object, java.lang.Object, java.lang.Object, java.lang.Object, java.lang.Object, java.lang.Object, java.lang.Object, java.lang.Object, java.lang.Object, java.lang.Object, java.lang.Object, java.lang.Object, java.lang.Object, java.lang.Obj
Event: 4.480 Thread 0x0000019c9dd2a6b0 Exception <a 'java/lang/NoSuchMethodError'{0x0000000705bcda20}: 'java.lang.Object java.lang.invoke.DirectMethodHandle$Holder.newInvokeSpecial(java.lang.Object, java.lang.Object, java.lang.Object, java.lang.Object, java.lang.Object, java.lang.Object, java.lang.Object, java.lang.Object, java.lang.Object, java.lang.Object, java.lang.Object, java.lang.Object, java.lang.Object, java.lang.Object, java.lang.Object, java.lang.Object, java.lang.Object, java.lang.Object, java.lang.Object)'> (0x0000000705bcda20) 
thr
Event: 4.481 Thread 0x0000019c9dd2a6b0 Exception <a 'java/lang/NoSuchMethodError'{0x0000000705bd47b0}: 'java.lang.Object java.lang.invoke.DirectMethodHandle$Holder.invokeSpecial(java.lang.Object, java.lang.Object, java.lang.Object, java.lang.Object, java.lang.Object, java.lang.Object, java.lang.Object, java.lang.Object, java.lang.Object, java.lang.Object, java.lang.Object, java.lang.Object, java.lang.Object, java.lang.Object, java.lang.Object, java.lang.Object, java.lang.Object, java.lang.Object, java.lang.Object, java.lang.Object)'> (0x0000000
Event: 4.481 Thread 0x0000019c9dd2a6b0 Exception <a 'java/lang/NoSuchMethodError'{0x0000000705bda2b0}: 'java.lang.Object java.lang.invoke.DelegatingMethodHandle$Holder.reinvoke_L(java.lang.Object, java.lang.Object, java.lang.Object, java.lang.Object, java.lang.Object, java.lang.Object, java.lang.Object, java.lang.Object, java.lang.Object, java.lang.Object, java.lang.Object, java.lang.Object, java.lang.Object, java.lang.Object, java.lang.Object, java.lang.Object, java.lang.Object, java.lang.Object, java.lang.Object)'> (0x0000000705bda2b0) 
throw
Event: 4.485 Thread 0x0000019c9dd2a6b0 Exception <a 'java/lang/IncompatibleClassChangeError'{0x000000070586b588}: Found class java.lang.Object, but interface was expected> (0x000000070586b588) 
thrown [s\src\hotspot\share\interpreter\linkResolver.cpp, line 851]
Event: 4.533 Thread 0x0000019c9e02a5b0 Exception <a 'java/lang/NoSuchMethodError'{0x0000000705563400}: static Lorg/gradle/internal/build/event/types/DefaultOperationStartedProgressEvent;.<clinit>()V> (0x0000000705563400) 
thrown [s\src\hotspot\share\prims\jni.cpp, line 1144]
Event: 4.533 Thread 0x0000019c9e02a5b0 Exception <a 'java/lang/NoSuchMethodError'{0x0000000705564ee8}: static Lorg/gradle/internal/build/event/types/AbstractProgressEvent;.<clinit>()V> (0x0000000705564ee8) 
thrown [s\src\hotspot\share\prims\jni.cpp, line 1144]

ZGC Phase Switch (0 events):
No events

VM Operations (20 events):
Event: 3.779 Executing VM operation: HandshakeAllThreads (Deoptimize) done
Event: 3.856 Executing VM operation: HandshakeAllThreads (Deoptimize)
Event: 3.856 Executing VM operation: HandshakeAllThreads (Deoptimize) done
Event: 3.861 Executing VM operation: HandshakeAllThreads (Deoptimize)
Event: 3.861 Executing VM operation: HandshakeAllThreads (Deoptimize) done
Event: 3.907 Executing VM operation: HandshakeAllThreads (Deoptimize)
Event: 3.907 Executing VM operation: HandshakeAllThreads (Deoptimize) done
Event: 4.020 Executing VM operation: G1CollectForAllocation (G1 Evacuation Pause)
Event: 4.023 Executing VM operation: G1CollectForAllocation (G1 Evacuation Pause) done
Event: 4.061 Executing VM operation: HandshakeAllThreads (Deoptimize)
Event: 4.061 Executing VM operation: HandshakeAllThreads (Deoptimize) done
Event: 4.234 Executing VM operation: HandshakeAllThreads (Deoptimize)
Event: 4.234 Executing VM operation: HandshakeAllThreads (Deoptimize) done
Event: 4.326 Executing VM operation: ICBufferFull
Event: 4.326 Executing VM operation: ICBufferFull done
Event: 4.348 Executing VM operation: G1CollectForAllocation (G1 Evacuation Pause)
Event: 4.354 Executing VM operation: G1CollectForAllocation (G1 Evacuation Pause) done
Event: 4.534 Executing VM operation: G1CollectForAllocation (G1 Evacuation Pause)
Event: 4.534 Executing VM operation: G1CollectForAllocation (G1 Evacuation Pause) done
Event: 4.534 Executing VM operation: G1CollectForAllocation (GCLocker Initiated GC)

Memory protections (0 events):
No events

Nmethod flushes (20 events):
Event: 3.684 Thread 0x0000019cff9ef570 flushing  nmethod 0x0000019c833bf290
Event: 3.684 Thread 0x0000019cff9ef570 flushing  nmethod 0x0000019c833c0e90
Event: 3.684 Thread 0x0000019cff9ef570 flushing  nmethod 0x0000019c833c1290
Event: 3.684 Thread 0x0000019cff9ef570 flushing  nmethod 0x0000019c833c3210
Event: 3.684 Thread 0x0000019cff9ef570 flushing  nmethod 0x0000019c834b8d10
Event: 3.684 Thread 0x0000019cff9ef570 flushing  nmethod 0x0000019c834dc990
Event: 3.684 Thread 0x0000019cff9ef570 flushing  nmethod 0x0000019c83536990
Event: 3.684 Thread 0x0000019cff9ef570 flushing  nmethod 0x0000019c8353a190
Event: 3.684 Thread 0x0000019cff9ef570 flushing  nmethod 0x0000019c8309eb90
Event: 3.684 Thread 0x0000019cff9ef570 flushing  nmethod 0x0000019c830a6710
Event: 3.684 Thread 0x0000019cff9ef570 flushing  nmethod 0x0000019c831ca890
Event: 3.684 Thread 0x0000019cff9ef570 flushing  nmethod 0x0000019c831cf110
Event: 3.684 Thread 0x0000019cff9ef570 flushing  nmethod 0x0000019c8324f710
Event: 3.684 Thread 0x0000019cff9ef570 flushing  nmethod 0x0000019c8332e390
Event: 3.684 Thread 0x0000019cff9ef570 flushing  nmethod 0x0000019c83331190
Event: 3.684 Thread 0x0000019cff9ef570 flushing  nmethod 0x0000019c8335ef10
Event: 3.684 Thread 0x0000019cff9ef570 flushing  nmethod 0x0000019c833cf090
Event: 3.684 Thread 0x0000019cff9ef570 flushing  nmethod 0x0000019c833d2c10
Event: 3.684 Thread 0x0000019cff9ef570 flushing  nmethod 0x0000019c833d2f90
Event: 3.684 Thread 0x0000019cff9ef570 flushing  nmethod 0x0000019c83617410

Events (20 events):
Event: 2.363 Thread 0x0000019c9dd2a6b0 Thread added: 0x0000019c9e0284e0
Event: 2.367 Thread 0x0000019c9dd2a6b0 Thread added: 0x0000019c9e028b70
Event: 2.417 Thread 0x0000019c9dd2a6b0 Thread added: 0x0000019ca12875f0
Event: 2.418 Thread 0x0000019c9dd2a6b0 Thread added: 0x0000019ca1285bb0
Event: 2.418 Thread 0x0000019c9dd2a6b0 Thread added: 0x0000019ca1284170
Event: 2.418 Thread 0x0000019c9dd2a6b0 Thread added: 0x0000019ca1284800
Event: 2.418 Thread 0x0000019c9dd2a6b0 Thread added: 0x0000019ca1287c80
Event: 2.418 Thread 0x0000019c9dd2a6b0 Thread added: 0x0000019ca1286240
Event: 2.697 Thread 0x0000019c9dd2a6b0 Thread added: 0x0000019ca1286f60
Event: 2.722 Thread 0x0000019c9dd2a6b0 Thread added: 0x0000019ca1288310
Event: 2.743 Thread 0x0000019c9dd2a6b0 Thread added: 0x0000019ca1284e90
Event: 2.754 Thread 0x0000019c9dd2a6b0 Thread added: 0x0000019ca12889a0
Event: 2.842 Thread 0x0000019c9dd2a6b0 Thread added: 0x0000019ca1285520
Event: 4.076 Thread 0x0000019c9dd2a6b0 Thread added: 0x0000019ca07c9870
Event: 4.077 Thread 0x0000019c9dd2a6b0 Thread added: 0x0000019ca07c8b50
Event: 4.157 Thread 0x0000019c9dd2a6b0 Thread added: 0x0000019ca07c91e0
Event: 4.157 Thread 0x0000019c9dd2a6b0 Thread added: 0x0000019ca07c7e30
Event: 4.158 Thread 0x0000019c9dd2a6b0 Thread added: 0x0000019ca07c84c0
Event: 4.158 Thread 0x0000019c9dd2a6b0 Thread added: 0x0000019ca07c9f00
Event: 4.160 Thread 0x0000019c9dd2a6b0 Thread added: 0x0000019ca07ca590


Dynamic libraries:
0x00007ff765ba0000 - 0x00007ff765baa000 	D:\Users\o0LeV\AndroidStudio\jbr\bin\java.exe
0x00007ff8ebf40000 - 0x00007ff8ec1a8000 	C:\WINDOWS\SYSTEM32\ntdll.dll
0x00007ff8eae10000 - 0x00007ff8eaed9000 	C:\WINDOWS\System32\KERNEL32.DLL
0x00007ff8e95c0000 - 0x00007ff8e99b2000 	C:\WINDOWS\System32\KERNELBASE.dll
0x00007ff8e9300000 - 0x00007ff8e944b000 	C:\WINDOWS\System32\ucrtbase.dll
0x00007ff8769d0000 - 0x00007ff8769e8000 	D:\Users\o0LeV\AndroidStudio\jbr\bin\jli.dll
0x00007ff8c78f0000 - 0x00007ff8c790b000 	D:\Users\o0LeV\AndroidStudio\jbr\bin\VCRUNTIME140.dll
0x00007ff8eb820000 - 0x00007ff8eb9e5000 	C:\WINDOWS\System32\USER32.dll
0x00007ff8e9c20000 - 0x00007ff8e9c47000 	C:\WINDOWS\System32\win32u.dll
0x00007ff8ca970000 - 0x00007ff8cac03000 	C:\WINDOWS\WinSxS\amd64_microsoft.windows.common-controls_6595b64144ccf1df_6.0.26100.6899_none_3e0efeeae32e88c1\COMCTL32.dll
0x00007ff8ea500000 - 0x00007ff8ea5a9000 	C:\WINDOWS\System32\msvcrt.dll
0x00007ff8e9f90000 - 0x00007ff8e9fbb000 	C:\WINDOWS\System32\GDI32.dll
0x00007ff8e9a50000 - 0x00007ff8e9b7d000 	C:\WINDOWS\System32\gdi32full.dll
0x00007ff8e9250000 - 0x00007ff8e92f3000 	C:\WINDOWS\System32\msvcp_win.dll
0x00007ff8ebc60000 - 0x00007ff8ebc8f000 	C:\WINDOWS\System32\IMM32.DLL
0x00007ff8e6140000 - 0x00007ff8e614c000 	D:\Users\o0LeV\AndroidStudio\jbr\bin\vcruntime140_1.dll
0x00007ff874600000 - 0x00007ff87468d000 	D:\Users\o0LeV\AndroidStudio\jbr\bin\msvcp140.dll
0x00007ff863cb0000 - 0x00007ff864946000 	D:\Users\o0LeV\AndroidStudio\jbr\bin\server\jvm.dll
0x00007ff8eb760000 - 0x00007ff8eb814000 	C:\WINDOWS\System32\ADVAPI32.dll
0x00007ff8ebb50000 - 0x00007ff8ebbf6000 	C:\WINDOWS\System32\sechost.dll
0x00007ff8e9df0000 - 0x00007ff8e9f08000 	C:\WINDOWS\System32\RPCRT4.dll
0x00007ff8e9f10000 - 0x00007ff8e9f84000 	C:\WINDOWS\System32\WS2_32.dll
0x00007ff8e8f30000 - 0x00007ff8e8f8e000 	C:\WINDOWS\SYSTEM32\POWRPROF.dll
0x00007ff8df350000 - 0x00007ff8df385000 	C:\WINDOWS\SYSTEM32\WINMM.dll
0x00007ff8e2dc0000 - 0x00007ff8e2dcb000 	C:\WINDOWS\SYSTEM32\VERSION.dll
0x00007ff8e8f10000 - 0x00007ff8e8f24000 	C:\WINDOWS\SYSTEM32\UMPDC.dll
0x00007ff8e7ea0000 - 0x00007ff8e7ebb000 	C:\WINDOWS\SYSTEM32\kernel.appcore.dll
0x00007ff8d9c70000 - 0x00007ff8d9c7a000 	D:\Users\o0LeV\AndroidStudio\jbr\bin\jimage.dll
0x00007ff8de2b0000 - 0x00007ff8de4f2000 	C:\WINDOWS\SYSTEM32\DBGHELP.DLL
0x00007ff8ea860000 - 0x00007ff8eabdb000 	C:\WINDOWS\System32\combase.dll
0x00007ff8e9d10000 - 0x00007ff8e9de7000 	C:\WINDOWS\System32\OLEAUT32.dll
0x00007ff8badb0000 - 0x00007ff8badec000 	C:\WINDOWS\SYSTEM32\dbgcore.DLL
0x00007ff8e9b80000 - 0x00007ff8e9c18000 	C:\WINDOWS\System32\bcryptPrimitives.dll
0x00007ff8d3e40000 - 0x00007ff8d3e4e000 	D:\Users\o0LeV\AndroidStudio\jbr\bin\instrument.dll
0x00007ff8b69f0000 - 0x00007ff8b6a10000 	D:\Users\o0LeV\AndroidStudio\jbr\bin\java.dll
0x00007ff8b67b0000 - 0x00007ff8b67c8000 	D:\Users\o0LeV\AndroidStudio\jbr\bin\zip.dll
0x00007ff8eb010000 - 0x00007ff8eb75d000 	C:\WINDOWS\System32\SHELL32.dll
0x00007ff8e9450000 - 0x00007ff8e95bb000 	C:\WINDOWS\System32\wintypes.dll
0x00007ff8e6d60000 - 0x00007ff8e75bd000 	C:\WINDOWS\SYSTEM32\windows.storage.dll
0x00007ff8ebca0000 - 0x00007ff8ebd92000 	C:\WINDOWS\System32\SHCORE.dll
0x00007ff8ea5c0000 - 0x00007ff8ea622000 	C:\WINDOWS\System32\shlwapi.dll
0x00007ff8e8fc0000 - 0x00007ff8e8fe9000 	C:\WINDOWS\SYSTEM32\profapi.dll
0x00007ff8d9990000 - 0x00007ff8d99a0000 	D:\Users\o0LeV\AndroidStudio\jbr\bin\net.dll
0x00007ff8e3220000 - 0x00007ff8e333f000 	C:\WINDOWS\SYSTEM32\WINHTTP.dll
0x00007ff8e8410000 - 0x00007ff8e847b000 	C:\WINDOWS\system32\mswsock.dll
0x00007ff8b5a10000 - 0x00007ff8b5a26000 	D:\Users\o0LeV\AndroidStudio\jbr\bin\nio.dll
0x00007ff8c8900000 - 0x00007ff8c8910000 	D:\Users\o0LeV\AndroidStudio\jbr\bin\verify.dll
0x00007ff8b0330000 - 0x00007ff8b0357000 	C:\Users\Leo\.gradle\native\c067742578af261105cb4f569cf0c3c89f3d7b1fecec35dd04571415982c5e48\windows-amd64\native-platform.dll
0x00007ff868820000 - 0x00007ff868964000 	C:\Users\Leo\.gradle\native\38dada09dfb8b06ba9b0570ebf7e218e3eb74d4ef43ca46872605cf95ebc2f47\windows-amd64\native-platform-file-events.dll
0x00007ff8d6750000 - 0x00007ff8d6759000 	D:\Users\o0LeV\AndroidStudio\jbr\bin\management.dll
0x00007ff8d3f90000 - 0x00007ff8d3f9b000 	D:\Users\o0LeV\AndroidStudio\jbr\bin\management_ext.dll
0x00007ff8ebda0000 - 0x00007ff8ebda8000 	C:\WINDOWS\System32\PSAPI.DLL
0x00007ff8e86c0000 - 0x00007ff8e86db000 	C:\WINDOWS\SYSTEM32\CRYPTSP.dll
0x00007ff8e7e00000 - 0x00007ff8e7e3b000 	C:\WINDOWS\system32\rsaenh.dll
0x00007ff8e84b0000 - 0x00007ff8e84db000 	C:\WINDOWS\SYSTEM32\USERENV.dll
0x00007ff8e8ff0000 - 0x00007ff8e9016000 	C:\WINDOWS\SYSTEM32\bcrypt.dll
0x00007ff8e86e0000 - 0x00007ff8e86ec000 	C:\WINDOWS\SYSTEM32\CRYPTBASE.dll
0x00007ff8e78c0000 - 0x00007ff8e78f4000 	C:\WINDOWS\SYSTEM32\IPHLPAPI.DLL
0x00007ff8ea5b0000 - 0x00007ff8ea5ba000 	C:\WINDOWS\System32\NSI.dll
0x00007ff8d7590000 - 0x00007ff8d7599000 	D:\Users\o0LeV\AndroidStudio\jbr\bin\extnet.dll
0x00007ff8d8870000 - 0x00007ff8d8878000 	C:\WINDOWS\system32\wshunix.dll

JVMTI agents:
C:\Users\Leo\.gradle\wrapper\dists\gradle-8.6-bin\afr5mpiioh2wthjmwnkmdsd5w\gradle-8.6\lib\agents\gradle-instrumentation-agent-8.6.jar path:D:\Users\o0LeV\AndroidStudio\jbr\bin\instrument.dll, loaded, initialized, instrumentlib options:none

dbghelp: loaded successfully - version: 4.0.5 - missing functions: none
symbol engine: initialized successfully - sym options: 0x614 - pdb path: .;D:\Users\o0LeV\AndroidStudio\jbr\bin;C:\WINDOWS\SYSTEM32;C:\WINDOWS\WinSxS\amd64_microsoft.windows.common-controls_6595b64144ccf1df_6.0.26100.6899_none_3e0efeeae32e88c1;D:\Users\o0LeV\AndroidStudio\jbr\bin\server;C:\Users\Leo\.gradle\native\c067742578af261105cb4f569cf0c3c89f3d7b1fecec35dd04571415982c5e48\windows-amd64;C:\Users\Leo\.gradle\native\38dada09dfb8b06ba9b0570ebf7e218e3eb74d4ef43ca46872605cf95ebc2f47\windows-amd64

VM Arguments:
jvm_args: --add-opens=java.base/java.util=ALL-UNNAMED --add-opens=java.base/java.lang=ALL-UNNAMED --add-opens=java.base/java.lang.invoke=ALL-UNNAMED --add-opens=java.prefs/java.util.prefs=ALL-UNNAMED --add-opens=java.base/java.nio.charset=ALL-UNNAMED --add-opens=java.base/java.net=ALL-UNNAMED --add-opens=java.base/java.util.concurrent.atomic=ALL-UNNAMED -Xmx4g -Dfile.encoding=UTF-8 -Duser.country=RU -Duser.language=ru -Duser.variant -javaagent:C:\Users\Leo\.gradle\wrapper\dists\gradle-8.6-bin\afr5mpiioh2wthjmwnkmdsd5w\gradle-8.6\lib\agents\gradle-instrumentation-agent-8.6.jar 
java_command: org.gradle.launcher.daemon.bootstrap.GradleDaemon 8.6
java_class_path (initial): C:\Users\Leo\.gradle\wrapper\dists\gradle-8.6-bin\afr5mpiioh2wthjmwnkmdsd5w\gradle-8.6\lib\gradle-launcher-8.6.jar
Launcher Type: SUN_STANDARD

[Global flags]
     intx CICompilerCount                          = 3                                         {product} {ergonomic}
     uint ConcGCThreads                            = 2                                         {product} {ergonomic}
     uint G1ConcRefinementThreads                  = 6                                         {product} {ergonomic}
   size_t G1HeapRegionSize                         = 2097152                                   {product} {ergonomic}
    uintx GCDrainStackTargetSize                   = 64                                        {product} {ergonomic}
   size_t InitialHeapSize                          = 268435456                                 {product} {ergonomic}
   size_t MarkStackSize                            = 4194304                                   {product} {ergonomic}
   size_t MaxHeapSize                              = 4294967296                                {product} {command line}
   size_t MaxNewSize                               = 2575302656                                {product} {ergonomic}
   size_t MinHeapDeltaBytes                        = 2097152                                   {product} {ergonomic}
   size_t MinHeapSize                              = 8388608                                   {product} {ergonomic}
    uintx NonNMethodCodeHeapSize                   = 5832780                                {pd product} {ergonomic}
    uintx NonProfiledCodeHeapSize                  = 122912730                              {pd product} {ergonomic}
    uintx ProfiledCodeHeapSize                     = 122912730                              {pd product} {ergonomic}
    uintx ReservedCodeCacheSize                    = 251658240                              {pd product} {ergonomic}
     bool SegmentedCodeCache                       = true                                      {product} {ergonomic}
   size_t SoftMaxHeapSize                          = 4294967296                             {manageable} {ergonomic}
     bool UseCompressedOops                        = true                           {product lp64_product} {ergonomic}
     bool UseG1GC                                  = true                                      {product} {ergonomic}
     bool UseLargePagesIndividualAllocation        = false                                  {pd product} {ergonomic}

Logging:
Log output configuration:
 #0: stdout all=warning uptime,level,tags foldmultilines=false
 #1: stderr all=off uptime,level,tags foldmultilines=false

Environment Variables:
PATH=C:\Program Files (x86)\Common Files\Oracle\Java\java8path;C:\Program Files (x86)\Common Files\Oracle\Java\javapath;C:\Program Files\Python313\Scripts\;C:\Program Files\Python313\;C:\WINDOWS\system32;C:\WINDOWS;C:\WINDOWS\System32\Wbem;C:\WINDOWS\System32\WindowsPowerShell\v1.0\;C:\WINDOWS\System32\OpenSSH\;C:\Program Files (x86)\NVIDIA Corporation\PhysX\Common;C:\Program Files\NVIDIA Corporation\NVIDIA app\NvDLISR;C:\Program Files\Git\cmd;C:\Program Files\dotnet\;C:\Program Files\nodejs\;C:\Users\Leo\scoop\shims;C:\Users\Leo\AppData\Local\Programs\Python\Launcher\;C:\Users\Leo\AppData\Local\Microsoft\WindowsApps;;C:\Program Files\JetBrains\PyCharm Community Edition 2024.3.3\bin;;C:\Users\Leo\.dotnet\tools;C:\Users\Leo\AppData\Roaming\npm;C:\Users\Leo\AppData\Local\Programs\Microsoft VS Code\bin
USERNAME=Leo
OS=Windows_NT
PROCESSOR_IDENTIFIER=AMD64 Family 23 Model 113 Stepping 0, AuthenticAMD
TMP=C:\Users\Leo\AppData\Local\Temp
TEMP=C:\Users\Leo\AppData\Local\Temp




Periodic native trim disabled

JNI global refs:
JNI global refs: 26, weak refs: 0

JNI global refs memory usage: 835, weak refs: 833

Process memory usage:
Resident Set Size: 326704K (1% of 16683172K total physical memory with 2328052K free physical memory)

OOME stack traces (most recent first):
Classloader memory used:
Loader org.gradle.internal.classloader.VisitableURLClassLoader                         : 27733K
Loader bootstrap                                                                       : 22455K
Loader org.gradle.initialization.MixInLegacyTypesClassLoader                           : 6179K
Loader org.gradle.internal.classloader.VisitableURLClassLoader                         : 943K
Loader org.gradle.internal.classloader.VisitableURLClassLoader$InstrumentingVisitableURLClassLoader: 610K
Loader jdk.internal.loader.ClassLoaders$PlatformClassLoader                            : 535K
Loader jdk.internal.loader.ClassLoaders$AppClassLoader                                 : 230K
Loader jdk.internal.reflect.DelegatingClassLoader                                      : 196K
Loader org.gradle.groovy.scripts.internal.DefaultScriptCompilationHandler$ScriptClassLoader: 90656B
Loader org.codehaus.groovy.runtime.callsite.CallSiteClassLoader                        : 46360B

Classes loaded by more than one classloader:
Class org.gradle.internal.IoActions                                                   : loaded 3 times (x 71B)
Class org.gradle.api.Action                                                           : loaded 3 times (x 70B)
Class org.gradle.internal.Cast                                                        : loaded 3 times (x 71B)
Class org.gradle.api.GradleException                                                  : loaded 3 times (x 82B)
Class org.gradle.api.UncheckedIOException                                             : loaded 3 times (x 82B)
Class ijInit1_c2ax2nk0spsl2oyugikp56pqf                                               : loaded 2 times (x 179B)
Class org.gradle.internal.operations.MultipleBuildOperationFailures                   : loaded 2 times (x 95B)
Class org.gradle.internal.classloader.DefaultClassLoaderFactory                       : loaded 2 times (x 82B)
Class kotlin.collections.AbstractList$Companion                                       : loaded 2 times (x 71B)
Class org.gradle.internal.classloader.ClassLoaderVisitor                              : loaded 2 times (x 76B)
Class org.gradle.api.internal.classpath.EffectiveClassPath                            : loaded 2 times (x 90B)
Class org.gradle.tooling.internal.gradle.DefaultProjectIdentifier                     : loaded 2 times (x 86B)
Class org.gradle.api.internal.DefaultClassPathProvider                                : loaded 2 times (x 76B)
Class [Lorg.gradle.api.internal.ClassPathProvider;                                    : loaded 2 times (x 69B)
Class org.gradle.api.internal.ClassPathProvider                                       : loaded 2 times (x 70B)
Class org.gradle.internal.service.UnknownServiceException                             : loaded 2 times (x 83B)
Class org.gradle.internal.classpath.TransformedClassPath                              : loaded 2 times (x 96B)
Class kotlin.enums.EnumEntriesList                                                    : loaded 2 times (x 223B)
Class org.gradle.internal.service.ServiceLocator                                      : loaded 2 times (x 70B)
Class com.intellij.gradle.toolingExtension.util.GradleVersionUtil                     : loaded 2 times (x 71B)
Class org.gradle.tooling.model.UnsupportedMethodException                             : loaded 2 times (x 82B)
Class org.gradle.internal.InternalTransformer                                         : loaded 2 times (x 70B)
Class org.gradle.internal.time.DefaultTimer                                           : loaded 2 times (x 80B)
Class org.gradle.internal.classloader.ClasspathUtil$1                                 : loaded 2 times (x 76B)
Class org.gradle.api.internal.classpath.DefaultModuleRegistry$DefaultModule           : loaded 2 times (x 86B)
Class org.gradle.internal.time.DefaultCountdownTimer                                  : loaded 2 times (x 88B)
Class org.gradle.tooling.internal.gradle.DefaultBuildIdentifier                       : loaded 2 times (x 79B)
Class kotlin.Function                                                                 : loaded 2 times (x 70B)
Class org.gradle.api.internal.classpath.Module                                        : loaded 2 times (x 70B)
Class org.gradle.api.internal.classpath.UnknownModuleException                        : loaded 2 times (x 82B)
Class org.gradle.cache.GlobalCache                                                    : loaded 2 times (x 70B)
Class org.gradle.tooling.internal.gradle.GradleProjectIdentity                        : loaded 2 times (x 70B)
Class org.gradle.api.internal.DefaultClassPathRegistry                                : loaded 2 times (x 76B)
Class org.gradle.api.internal.ClassPathRegistry                                       : loaded 2 times (x 70B)
Class org.gradle.internal.classpath.DefaultClassPath$ImmutableUniqueList              : loaded 2 times (x 199B)
Class Settings_gradle$1                                                               : loaded 2 times (x 74B)
Class Program                                                                         : loaded 2 times (x 72B)
Class sync_studio_tooling6_5058ufe3txw46pbr1vf8sepx9$_run_closure1                    : loaded 2 times (x 139B)
Class org.gradle.internal.classpath.ClassPath                                         : loaded 2 times (x 70B)
Class org.gradle.api.internal.classpath.ManifestUtil                                  : loaded 2 times (x 71B)
Class kotlin.UninitializedPropertyAccessException                                     : loaded 2 times (x 82B)
Class org.gradle.internal.installation.GradleInstallation$1                           : loaded 2 times (x 75B)
Class org.gradle.api.internal.classpath.ModuleRegistry                                : loaded 2 times (x 70B)
Class org.gradle.api.internal.classpath.DefaultModuleRegistry                         : loaded 2 times (x 86B)
Class org.gradle.util.internal.DefaultGradleVersion$Stage                             : loaded 2 times (x 75B)
Class org.gradle.internal.time.MonotonicClock                                         : loaded 2 times (x 77B)
Class org.gradle.internal.service.ServiceLookupException                              : loaded 2 times (x 82B)
Class org.gradle.internal.classloader.ClassLoaderFactory                              : loaded 2 times (x 70B)
Class org.gradle.internal.service.CachingServiceLocator                               : loaded 2 times (x 82B)
Class org.gradle.internal.time.TimeSource                                             : loaded 2 times (x 70B)
Class org.gradle.tooling.internal.gradle.GradleBuildIdentity                          : loaded 2 times (x 70B)
Class kotlin.enums.EnumEntries                                                        : loaded 2 times (x 70B)
Class org.gradle.internal.exceptions.ResolutionProvider                               : loaded 2 times (x 70B)
Class org.gradle.tooling.model.ProjectIdentifier                                      : loaded 2 times (x 70B)
Class org.gradle.internal.classloader.ClasspathUtil                                   : loaded 2 times (x 71B)
Class org.gradle.internal.time.TimeSource$1                                           : loaded 2 times (x 77B)
Class kotlin.jvm.internal.DefaultConstructorMarker                                    : loaded 2 times (x 71B)
Class org.gradle.api.specs.Spec                                                       : loaded 2 times (x 70B)
Class com.intellij.gradle.toolingExtension.impl.model.utilDummyModel.DummyModel       : loaded 2 times (x 70B)
Class org.gradle.internal.time.Clock                                                  : loaded 2 times (x 70B)
Class kotlin.collections.AbstractList                                                 : loaded 2 times (x 197B)
Class kotlin.collections.AbstractCollection                                           : loaded 2 times (x 117B)
Class org.gradle.internal.impldep.com.google.common.base.Preconditions                : loaded 2 times (x 71B)
Class org.gradle.internal.classloader.VisitableURLClassLoader$InstrumentingVisitableURLClassLoader: loaded 2 times (x 123B)
Class org.gradle.internal.classloader.VisitableURLClassLoader$Spec                    : loaded 2 times (x 74B)
Class org.gradle.internal.classpath.DefaultClassPath                                  : loaded 2 times (x 90B)
Class org.gradle.util.internal.DefaultGradleVersion                                   : loaded 2 times (x 80B)
Class org.gradle.internal.classloader.ClassLoaderSpec                                 : loaded 2 times (x 71B)
Class Settings_gradle$1$1                                                             : loaded 2 times (x 74B)
Class kotlin.Unit                                                                     : loaded 2 times (x 71B)
Class org.gradle.internal.classloader.VisitableURLClassLoader                         : loaded 2 times (x 117B)
Class Settings_gradle                                                                 : loaded 2 times (x 128B)
Class org.gradle.internal.classloader.ClassLoaderHierarchy                            : loaded 2 times (x 70B)
Class org.gradle.internal.classloader.FilteringClassLoader                            : loaded 2 times (x 105B)
Class kotlin.jvm.functions.Function1                                                  : loaded 2 times (x 70B)
Class org.gradle.internal.agents.InstrumentingClassLoader                             : loaded 2 times (x 70B)
Class org.gradle.internal.classpath.DefaultClassPath$ImmutableUniqueList$Builder      : loaded 2 times (x 75B)
Class org.gradle.tooling.model.Model                                                  : loaded 2 times (x 70B)
Class org.gradle.internal.exceptions.NonGradleCauseExceptionsHolder                   : loaded 2 times (x 70B)
Class org.jetbrains.plugins.gradle.tooling.ModelBuilderService$Parameter              : loaded 2 times (x 70B)
Class kotlin.NotImplementedError                                                      : loaded 2 times (x 82B)
Class kotlin.enums.EnumEntriesKt                                                      : loaded 2 times (x 71B)
Class org.gradle.internal.classloader.SystemClassLoaderSpec                           : loaded 2 times (x 71B)
Class org.gradle.internal.exceptions.MultiCauseException                              : loaded 2 times (x 70B)
Class org.gradle.internal.time.CountdownTimer                                         : loaded 2 times (x 70B)
Class kotlin.jvm.internal.Intrinsics                                                  : loaded 2 times (x 71B)
Class org.gradle.tooling.model.ProjectModel                                           : loaded 2 times (x 70B)
Class kotlin.KotlinNullPointerException                                               : loaded 2 times (x 83B)
Class org.gradle.internal.exceptions.DefaultMultiCauseException                       : loaded 2 times (x 95B)
Class org.gradle.internal.time.Time                                                   : loaded 2 times (x 71B)
Class org.gradle.tooling.model.BuildIdentifier                                        : loaded 2 times (x 70B)
Class sync_studio_tooling6_5058ufe3txw46pbr1vf8sepx9                                  : loaded 2 times (x 179B)
Class org.gradle.internal.time.Timer                                                  : loaded 2 times (x 70B)
Class kotlin.jvm.internal.markers.KMappedMarker                                       : loaded 2 times (x 70B)
Class org.gradle.internal.installation.CurrentGradleInstallationLocator               : loaded 2 times (x 71B)
Class org.gradle.internal.service.DefaultServiceLocator                               : loaded 2 times (x 83B)
Class org.gradle.util.GradleVersion                                                   : loaded 2 times (x 79B)
Class org.gradle.internal.installation.CurrentGradleInstallation                      : loaded 2 times (x 73B)
Class org.gradle.util.internal.GUtil                                                  : loaded 2 times (x 71B)
Class org.gradle.internal.installation.GradleInstallation                             : loaded 2 times (x 75B)

---------------  S Y S T E M  ---------------

OS:
 Windows 11 , 64 bit Build 26100 (10.0.26100.6725)
OS uptime: 0 days 10:18 hours

CPU: total 6 (initial active 6) (6 cores per cpu, 1 threads per core) family 23 model 113 stepping 0 microcode 0x8701021, cx8, cmov, fxsr, mmx, 3dnowpref, sse, sse2, sse3, ssse3, sse4a, sse4.1, sse4.2, popcnt, lzcnt, tsc, tscinvbit, avx, avx2, aes, clmul, bmi1, bmi2, adx, sha, fma, vzeroupper, clflush, clflushopt, rdtscp, rdpid, f16c
Processor Information for the first 6 processors :
  Max Mhz: 3600, Current Mhz: 3600, Mhz Limit: 3600

Memory: 4k page, system-wide physical 16292M (2273M free)
TotalPageFile size 23637M (AvailPageFile size 26M)
current process WorkingSet (physical memory assigned to process): 319M, peak: 319M
current process commit charge ("private bytes"): 346M, peak: 383M

vm_info: OpenJDK 64-Bit Server VM (21.0.8+-14196175-b1038.72) for windows-amd64 JRE (21.0.8+-14196175-b1038.72), built on 2025-10-01T10:24:33Z by "builder" with MS VC++ 16.10 / 16.11 (VS2019)

END.
